{"logTime": "0921/024713", "correlationVector":"m/pmog1iYy9Uj16yw7XI9t.1","action":"SyncServerConnectionManagerRequest", "result":"SYNC_SERVER_OK", "context":{"environment":"Prod_SoutheastAsia_000j", "migrationStage":"NotStarted", "server":"GENERAL01000018"}}
{"logTime": "0921/024714", "correlationVector":"C/WQiJtcLnsYKUp30wSwmZ","action":"SyncServerConnectionManagerRequest", "result":"SYNC_SERVER_OK", "context":{"environment":"", "migrationStage":"", "server":""}}
{"logTime": "0921/024714", "correlationVector":"m/pmog1iYy9Uj16yw7XI9t","action":"Initial GetUpdates", "result":"", "context":Reason: NEW_CLIENT. cV=m/pmog1iYy9Uj16yw7XI9t}
{"logTime": "0921/024714", "correlationVector":"m/pmog1iYy9Uj16yw7XI9t.2","action":"GetUpdates Response", "result":"Success", "context":Received 1 update(s). cV=m/pmog1iYy9Uj16yw7XI9t.0;server=GENERAL01000018;cloudType=Consumer;environment=Prod_SoutheastAsia_000j;migrationStage=NotStarted}
{"logTime": "0921/024714", "correlationVector":"vQwbsJjWSibm0KKDdDf3mP","action":"Initial GetUpdates", "result":"", "context":Reason: NEWLY_SUPPORTED_DATATYPE. cV=vQwbsJjWSibm0KKDdDf3mP}
{"logTime": "0921/024714", "correlationVector":"vQwbsJjWSibm0KKDdDf3mP.1","action":"SyncServerConnectionManagerRequest", "result":"SYNC_SERVER_OK", "context":{"environment":"Prod_SoutheastAsia_000j", "migrationStage":"NotStarted", "server":"GENERAL01000004"}}
{"logTime": "0921/024714", "correlationVector":"vQwbsJjWSibm0KKDdDf3mP.2","action":"GetUpdates", "result":"DeleteReceived", "context":{"id":"117b2f87-8cc6-4847-bf54-fea6e7691088", "isDeleted:":"true", "version":"1726872636484"}}
{"logTime": "0921/024714", "correlationVector":"vQwbsJjWSibm0KKDdDf3mP.3","action":"GetUpdates", "result":"DeleteReceived", "context":{"id":"6ea250bb-b0f6-419c-8d95-9f9220cdf240", "isDeleted:":"true", "version":"1712476081682"}}
{"logTime": "0921/024714", "correlationVector":"vQwbsJjWSibm0KKDdDf3mP.4","action":"GetUpdates", "result":"DeleteReceived", "context":{"id":"9c5b6370-5df9-4013-b85f-8489a7507991", "isDeleted:":"true", "version":"1712891571113"}}
{"logTime": "0921/024714", "correlationVector":"vQwbsJjWSibm0KKDdDf3mP.5","action":"GetUpdates", "result":"DeleteReceived", "context":{"id":"2902de9f-b9df-40de-ae03-39f5c36b6e89", "isDeleted:":"true", "version":"1712891696396"}}
{"logTime": "0921/024714", "correlationVector":"vQwbsJjWSibm0KKDdDf3mP.6","action":"GetUpdates", "result":"DeleteReceived", "context":{"id":"6e6faad0-03ac-41de-8370-7dd1c54a6315", "isDeleted:":"true", "version":"1712938084101"}}
{"logTime": "0921/024714", "correlationVector":"vQwbsJjWSibm0KKDdDf3mP.7","action":"GetUpdates", "result":"DeleteReceived", "context":{"id":"34565fe5-014f-43f7-a613-eeac8cf18f9e", "isDeleted:":"true", "version":"1712938084777"}}
{"logTime": "0921/024714", "correlationVector":"vQwbsJjWSibm0KKDdDf3mP.8","action":"GetUpdates", "result":"DeleteReceived", "context":{"id":"4b8400e8-8dc4-41a6-bcb0-5c0d2563e536", "isDeleted:":"true", "version":"1712938087587"}}
{"logTime": "0921/024714", "correlationVector":"vQwbsJjWSibm0KKDdDf3mP.9","action":"GetUpdates", "result":"DeleteReceived", "context":{"id":"0ae572ad-a1b6-42dd-b474-47bc27f6b920", "isDeleted:":"true", "version":"1713009029875"}}
{"logTime": "0921/024714", "correlationVector":"vQwbsJjWSibm0KKDdDf3mP.10","action":"GetUpdates", "result":"DeleteReceived", "context":{"id":"e68836a9-4108-4e83-b37e-87ab7605dfe8", "isDeleted:":"true", "version":"1713009030526"}}
{"logTime": "0921/024714", "correlationVector":"vQwbsJjWSibm0KKDdDf3mP.11","action":"GetUpdates", "result":"DeleteReceived", "context":{"id":"6f67398f-bfd0-4fca-af56-cd44877221d6", "isDeleted:":"true", "version":"1713009035268"}}
{"logTime": "0921/024714", "correlationVector":"vQwbsJjWSibm0KKDdDf3mP.12","action":"GetUpdates", "result":"DeleteReceived", "context":{"id":"101379c5-b102-4153-832c-f12cbb257a81", "isDeleted:":"true", "version":"1713009060889"}}
{"logTime": "0921/024714", "correlationVector":"vQwbsJjWSibm0KKDdDf3mP.13","action":"GetUpdates", "result":"DeleteReceived", "context":{"id":"c58619ce-4155-4012-9ba9-72df7dc51774", "isDeleted:":"true", "version":"1715421586416"}}
{"logTime": "0921/024714", "correlationVector":"vQwbsJjWSibm0KKDdDf3mP.14","action":"GetUpdates", "result":"DeleteReceived", "context":{"id":"14bb0566-5a88-4271-9d29-6d8ce80b8aad", "isDeleted:":"true", "version":"1715421617528"}}
{"logTime": "0921/024714", "correlationVector":"vQwbsJjWSibm0KKDdDf3mP.15","action":"GetUpdates", "result":"DeleteReceived", "context":{"id":"19b81844-3e79-471a-8b2f-7c1e4729b439", "isDeleted:":"true", "version":"1715421631334"}}
{"logTime": "0921/024714", "correlationVector":"vQwbsJjWSibm0KKDdDf3mP.16","action":"GetUpdates", "result":"DeleteReceived", "context":{"id":"a69cf250-2b9a-48ca-b75f-988a79a3ef80", "isDeleted:":"true", "version":"1715872367366"}}
{"logTime": "0921/024714", "correlationVector":"vQwbsJjWSibm0KKDdDf3mP.17","action":"GetUpdates", "result":"DeleteReceived", "context":{"id":"0d5b7802-1ed3-48d0-a6b8-264d809cc40b", "isDeleted:":"true", "version":"1720156106172"}}
{"logTime": "0921/024714", "correlationVector":"vQwbsJjWSibm0KKDdDf3mP.18","action":"GetUpdates", "result":"DeleteReceived", "context":{"id":"85502cd0-1299-43b9-b997-c8bf7e1388aa", "isDeleted:":"true", "version":"1721893908951"}}
{"logTime": "0921/024714", "correlationVector":"vQwbsJjWSibm0KKDdDf3mP.19","action":"GetUpdates", "result":"DeleteReceived", "context":{"id":"be13db59-2d0d-4730-994c-40d88202cd48", "isDeleted:":"true", "version":"1721893910247"}}
{"logTime": "0921/024714", "correlationVector":"vQwbsJjWSibm0KKDdDf3mP.20","action":"GetUpdates", "result":"DeleteReceived", "context":{"id":"631a7f01-cd50-4e09-8da3-57f951463f0c", "isDeleted:":"true", "version":"1723636009261"}}
{"logTime": "0921/024714", "correlationVector":"vQwbsJjWSibm0KKDdDf3mP.21","action":"GetUpdates", "result":"DeleteReceived", "context":{"id":"b3af7f32-3ffb-4cc9-aba3-7dcb23eac106", "isDeleted:":"true", "version":"1723967531449"}}
{"logTime": "0921/024714", "correlationVector":"vQwbsJjWSibm0KKDdDf3mP.22","action":"GetUpdates", "result":"DeleteReceived", "context":{"id":"341ad088-786d-4083-885a-bed7dcd7d13d", "isDeleted:":"true", "version":"1726113393076"}}
{"logTime": "0921/024714", "correlationVector":"vQwbsJjWSibm0KKDdDf3mP.23","action":"GetUpdates Response", "result":"Success", "context":Received 164 update(s). cV=vQwbsJjWSibm0KKDdDf3mP.0;server=GENERAL01000004;cloudType=Consumer;environment=Prod_SoutheastAsia_000j;migrationStage=NotStarted}
{"logTime": "0921/024714", "correlationVector":"mhItz1kEhKfWW7jsQpO7UO","action":"Initial GetUpdates", "result":"", "context":Reason: NEWLY_SUPPORTED_DATATYPE. cV=mhItz1kEhKfWW7jsQpO7UO}
{"logTime": "0921/024715", "correlationVector":"mhItz1kEhKfWW7jsQpO7UO.1","action":"SyncServerConnectionManagerRequest", "result":"SYNC_SERVER_OK", "context":{"environment":"Prod_SoutheastAsia_000j", "migrationStage":"NotStarted", "server":"GENERAL0300002E"}}
{"logTime": "0921/024715", "correlationVector":"mhItz1kEhKfWW7jsQpO7UO.2","action":"GetUpdates Response", "result":"Success", "context":Received 250 update(s). cV=mhItz1kEhKfWW7jsQpO7UO.0;server=GENERAL0300002E;cloudType=Consumer;environment=Prod_SoutheastAsia_000j;migrationStage=NotStarted Some updates remain.}
{"logTime": "0921/024715", "correlationVector":"vkOtus3cLJbXQVh8i6T3Yh","action":"Initial GetUpdates", "result":"", "context":Reason: NEWLY_SUPPORTED_DATATYPE. cV=vkOtus3cLJbXQVh8i6T3Yh}
{"logTime": "0921/024716", "correlationVector":"vkOtus3cLJbXQVh8i6T3Yh.1","action":"SyncServerConnectionManagerRequest", "result":"SYNC_SERVER_OK", "context":{"environment":"Prod_SoutheastAsia_000j", "migrationStage":"NotStarted", "server":"GENERAL0100000N"}}
{"logTime": "0921/024716", "correlationVector":"vkOtus3cLJbXQVh8i6T3Yh.2","action":"GetUpdates", "result":"DeleteReceived", "context":{"id":"11398a74-b0c5-4c48-b704-69a977be75b8", "isDeleted:":"true", "version":"1720927751130"}}
{"logTime": "0921/024716", "correlationVector":"vkOtus3cLJbXQVh8i6T3Yh.3","action":"GetUpdates", "result":"DeleteReceived", "context":{"id":"e6d1616e-5b2a-4e76-912b-4c29c0b80e8f", "isDeleted:":"true", "version":"1720971768910"}}
{"logTime": "0921/024716", "correlationVector":"vkOtus3cLJbXQVh8i6T3Yh.4","action":"GetUpdates", "result":"DeleteReceived", "context":{"id":"5ddca086-00f2-4dd2-b940-f6d9d2427b1d", "isDeleted:":"true", "version":"1721014419306"}}
{"logTime": "0921/024716", "correlationVector":"vkOtus3cLJbXQVh8i6T3Yh.5","action":"GetUpdates", "result":"DeleteReceived", "context":{"id":"e193e505-3095-431d-843b-9a0bbcf84423", "isDeleted:":"true", "version":"1721054139743"}}
{"logTime": "0921/024716", "correlationVector":"vkOtus3cLJbXQVh8i6T3Yh.6","action":"GetUpdates", "result":"DeleteReceived", "context":{"id":"05fc1c6b-caa4-4720-839e-69678da1623b", "isDeleted:":"true", "version":"1721054139744"}}
{"logTime": "0921/024716", "correlationVector":"vkOtus3cLJbXQVh8i6T3Yh.7","action":"GetUpdates", "result":"DeleteReceived", "context":{"id":"06f539b3-5aea-4daa-b909-ff590cfd824f", "isDeleted:":"true", "version":"1721054139745"}}
{"logTime": "0921/024716", "correlationVector":"vkOtus3cLJbXQVh8i6T3Yh.8","action":"GetUpdates", "result":"DeleteReceived", "context":{"id":"0cb6d941-5056-4b7c-a99d-57d7d2b134e1", "isDeleted:":"true", "version":"1721404808067"}}
{"logTime": "0921/024716", "correlationVector":"vkOtus3cLJbXQVh8i6T3Yh.9","action":"GetUpdates", "result":"DeleteReceived", "context":{"id":"5df6278a-c75f-4a3d-bfd0-1c33103a63e3", "isDeleted:":"true", "version":"1721404808068"}}
{"logTime": "0921/024716", "correlationVector":"vkOtus3cLJbXQVh8i6T3Yh.10","action":"GetUpdates", "result":"DeleteReceived", "context":{"id":"eaa9af69-44fd-4d9c-80e6-7326d1a66c8b", "isDeleted:":"true", "version":"1721404808069"}}
{"logTime": "0921/024716", "correlationVector":"vkOtus3cLJbXQVh8i6T3Yh.11","action":"GetUpdates", "result":"DeleteReceived", "context":{"id":"123d53a5-614d-427f-ad31-61eed12f2d9d", "isDeleted:":"true", "version":"1721622947770"}}
{"logTime": "0921/024716", "correlationVector":"vkOtus3cLJbXQVh8i6T3Yh.12","action":"GetUpdates", "result":"DeleteReceived", "context":{"id":"ae7e212f-2086-41d2-b701-73e7c16a1fd8", "isDeleted:":"true", "version":"1722350725694"}}
{"logTime": "0921/024716", "correlationVector":"vkOtus3cLJbXQVh8i6T3Yh.13","action":"GetUpdates", "result":"DeleteReceived", "context":{"id":"0eff78e5-6693-4daa-aee2-e3f162b5e7a8", "isDeleted:":"true", "version":"1722350725695"}}
{"logTime": "0921/024716", "correlationVector":"vkOtus3cLJbXQVh8i6T3Yh.14","action":"GetUpdates", "result":"DeleteReceived", "context":{"id":"62a4f67c-09ee-424e-9450-8314c3ac2134", "isDeleted:":"true", "version":"1722350725696"}}
{"logTime": "0921/024716", "correlationVector":"vkOtus3cLJbXQVh8i6T3Yh.15","action":"GetUpdates", "result":"DeleteReceived", "context":{"id":"c1d22ed8-23b5-486e-a48b-754e1f84434f", "isDeleted:":"true", "version":"1722350725697"}}
{"logTime": "0921/024716", "correlationVector":"vkOtus3cLJbXQVh8i6T3Yh.16","action":"GetUpdates", "result":"DeleteReceived", "context":{"id":"f7a32421-a449-4454-9e27-8b2d55a3e1e7", "isDeleted:":"true", "version":"1722350725698"}}
{"logTime": "0921/024716", "correlationVector":"vkOtus3cLJbXQVh8i6T3Yh.17","action":"GetUpdates", "result":"DeleteReceived", "context":{"id":"ce2d86ac-0e3d-427a-a65a-f99ab8bd7764", "isDeleted:":"true", "version":"1722350725699"}}
{"logTime": "0921/024716", "correlationVector":"vkOtus3cLJbXQVh8i6T3Yh.18","action":"GetUpdates", "result":"DeleteReceived", "context":{"id":"ca6ba334-fcec-48a1-92a3-2cb0c6bd1d04", "isDeleted:":"true", "version":"1722350725700"}}
{"logTime": "0921/024716", "correlationVector":"vkOtus3cLJbXQVh8i6T3Yh.19","action":"GetUpdates", "result":"DeleteReceived", "context":{"id":"64ba3e47-cd15-4b1f-a571-c7a49d84e9cf", "isDeleted:":"true", "version":"1722350725701"}}
{"logTime": "0921/024716", "correlationVector":"vkOtus3cLJbXQVh8i6T3Yh.20","action":"GetUpdates", "result":"DeleteReceived", "context":{"id":"75e6133d-305e-467d-9858-eaf28c1de22f", "isDeleted:":"true", "version":"1722601694386"}}
{"logTime": "0921/024716", "correlationVector":"vkOtus3cLJbXQVh8i6T3Yh.21","action":"GetUpdates", "result":"DeleteReceived", "context":{"id":"f1c2b8d0-25fc-4f7e-8a09-76ff8073f8fd", "isDeleted:":"true", "version":"1722601694387"}}
{"logTime": "0921/024716", "correlationVector":"vkOtus3cLJbXQVh8i6T3Yh.22","action":"GetUpdates", "result":"DeleteReceived", "context":{"id":"3ca12c02-d536-4871-ae8d-9c32ab41988d", "isDeleted:":"true", "version":"1722601694388"}}
{"logTime": "0921/024716", "correlationVector":"vkOtus3cLJbXQVh8i6T3Yh.23","action":"GetUpdates", "result":"DeleteReceived", "context":{"id":"a6d74d38-1c76-4b3b-96c7-fe8e06ca5d04", "isDeleted:":"true", "version":"1722601694389"}}
{"logTime": "0921/024716", "correlationVector":"vkOtus3cLJbXQVh8i6T3Yh.24","action":"GetUpdates", "result":"DeleteReceived", "context":{"id":"842ab560-b8de-47ac-bf73-1ff37c41dab4", "isDeleted:":"true", "version":"1722601694390"}}
{"logTime": "0921/024716", "correlationVector":"vkOtus3cLJbXQVh8i6T3Yh.25","action":"GetUpdates", "result":"DeleteReceived", "context":{"id":"23a84317-4605-4075-bca9-b3a1a8a0abef", "isDeleted:":"true", "version":"1722601694391"}}
{"logTime": "0921/024716", "correlationVector":"vkOtus3cLJbXQVh8i6T3Yh.26","action":"GetUpdates Response", "result":"Success", "context":Received 250 update(s). cV=vkOtus3cLJbXQVh8i6T3Yh.0;server=GENERAL0100000N;cloudType=Consumer;environment=Prod_SoutheastAsia_000j;migrationStage=NotStarted Some updates remain.}
{"logTime": "0921/024716", "correlationVector":"MOtXtR/uVbx1fXHIbJrIpp","action":"Initial GetUpdates", "result":"", "context":Reason: NEWLY_SUPPORTED_DATATYPE. cV=MOtXtR/uVbx1fXHIbJrIpp}
{"logTime": "0921/024717", "correlationVector":"MOtXtR/uVbx1fXHIbJrIpp.1","action":"SyncServerConnectionManagerRequest", "result":"SYNC_SERVER_OK", "context":{"environment":"Prod_SoutheastAsia_000j", "migrationStage":"NotStarted", "server":"GENERAL01000000"}}
{"logTime": "0921/024717", "correlationVector":"MOtXtR/uVbx1fXHIbJrIpp.2","action":"GetUpdates Response", "result":"Success", "context":Received 200 update(s). cV=MOtXtR/uVbx1fXHIbJrIpp.0;server=GENERAL01000000;cloudType=Consumer;environment=Prod_SoutheastAsia_000j;migrationStage=NotStarted}
{"logTime": "0921/024717", "correlationVector":"A74cPtmOAtjnQ+IoRRVFqf","action":"Normal GetUpdate request", "result":"", "context":cV=A74cPtmOAtjnQ+IoRRVFqf
Nudged types: Device Info
Refresh requested types: Bookmarks, Preferences, Passwords, Autofill Profiles, Autofill, Extensions, Extension settings, Device Info, User Consents, Send Tab To Self, Web Apps, Collection, Edge E Drop, Edge Hub App Usage, Edge Wallet, Encryption Keys}
{"logTime": "0921/024717", "correlationVector":"A74cPtmOAtjnQ+IoRRVFqf.1","action":"SyncServerConnectionManagerRequest", "result":"SYNC_SERVER_OK", "context":{"environment":"Prod_SoutheastAsia_000j", "migrationStage":"NotStarted", "server":"GENERAL0100000L"}}
{"logTime": "0921/024717", "correlationVector":"A74cPtmOAtjnQ+IoRRVFqf.2","action":"GetUpdates Response", "result":"Success", "context":Received 0 update(s). cV=A74cPtmOAtjnQ+IoRRVFqf.0;server=GENERAL0100000L;cloudType=Consumer;environment=Prod_SoutheastAsia_000j;migrationStage=NotStarted}
{"logTime": "0921/024717", "correlationVector":"Az9PK56KZK/3jtwGNYngHw","action":"Commit Request", "result":"", "context":Item count: 1
Contributing types: Device Info}
{"logTime": "0921/024718", "correlationVector":"Az9PK56KZK/3jtwGNYngHw.1","action":"SyncServerConnectionManagerRequest", "result":"SYNC_SERVER_OK", "context":{"environment":"Prod_SoutheastAsia_000j", "migrationStage":"NotStarted", "server":"GENERAL0100000G"}}
{"logTime": "0921/024718", "correlationVector":"Az9PK56KZK/3jtwGNYngHw.2","action":"Commit Response", "result":"Success", "context":Result: Success. cV=Az9PK56KZK/3jtwGNYngHw.0;server=GENERAL0100000G;cloudType=Consumer;environment=Prod_SoutheastAsia_000j;migrationStage=NotStarted}
{"logTime": "0921/024718", "correlationVector":"iju26jAMMNTs15c08WcpIP","action":"Normal GetUpdate request", "result":"", "context":cV=iju26jAMMNTs15c08WcpIP
Nudged types: Device Info}
{"logTime": "0921/024718", "correlationVector":"iju26jAMMNTs15c08WcpIP.1","action":"SyncServerConnectionManagerRequest", "result":"SYNC_SERVER_OK", "context":{"environment":"Prod_SoutheastAsia_000j", "migrationStage":"NotStarted", "server":"GENERAL0100001F"}}
{"logTime": "0921/024718", "correlationVector":"iju26jAMMNTs15c08WcpIP.2","action":"GetUpdates Response", "result":"Success", "context":Received 1 update(s). cV=iju26jAMMNTs15c08WcpIP.0;server=GENERAL0100001F;cloudType=Consumer;environment=Prod_SoutheastAsia_000j;migrationStage=NotStarted}
{"logTime": "0921/024718", "correlationVector":"4EqX8e+rTjLLCgaqg3e459","action":"Poll GetUpdate request", "result":"", "context":cV=4EqX8e+rTjLLCgaqg3e459}
{"logTime": "0921/024718", "correlationVector":"4EqX8e+rTjLLCgaqg3e459.1","action":"SyncServerConnectionManagerRequest", "result":"SYNC_SERVER_OK", "context":{"environment":"Prod_SoutheastAsia_000j", "migrationStage":"NotStarted", "server":"GENERAL0100000E"}}
{"logTime": "0921/024718", "correlationVector":"4EqX8e+rTjLLCgaqg3e459.2","action":"GetUpdates Response", "result":"Success", "context":Received 0 update(s). cV=4EqX8e+rTjLLCgaqg3e459.0;server=GENERAL0100000E;cloudType=Consumer;environment=Prod_SoutheastAsia_000j;migrationStage=NotStarted}
{"logTime": "0921/024804", "correlationVector":"FwW1DFB71U9FdhaG4Aj7YH","action":"Commit Request", "result":"", "context":Item count: 1
Contributing types: Preferences}
{"logTime": "0921/024804", "correlationVector":"FwW1DFB71U9FdhaG4Aj7YH.1","action":"SyncServerConnectionManagerRequest", "result":"SYNC_SERVER_OK", "context":{"environment":"Prod_SoutheastAsia_000j", "migrationStage":"NotStarted", "server":"GENERAL0100001K"}}
{"logTime": "0921/024804", "correlationVector":"FwW1DFB71U9FdhaG4Aj7YH.2","action":"Commit Response", "result":"Success", "context":Result: Success. cV=FwW1DFB71U9FdhaG4Aj7YH.0;server=GENERAL0100001K;cloudType=Consumer;environment=Prod_SoutheastAsia_000j;migrationStage=NotStarted}
