2024-09-21T02:47:02.613Z P:11784 T:10352] SyncServiceImpl::Initialize,SyncState after authenticated was: FeatureCanStart
2024-09-21T02:47:04.270Z P:11784 T:10352] SyncAuthManager::SetLastAuthError,Current auth error: None
2024-09-21T02:47:04.270Z P:11784 T:10352] SyncAuthManager::EdgeLogTokenErrorState,Token error with: None for account type: MSA
2024-09-21T02:47:04.270Z P:11784 T:10352] SyncServiceImpl::CredentialsChangedForKeyData,Credentials changed for: EdgeSyncKeyDataScope
2024-09-21T02:47:12.783Z P:11784 T:10352] SyncServiceImpl::TryStartImpl,Try to start sync engine
2024-09-21T02:47:12.784Z P:11784 T:10900] SyncManagerImpl::ConfigureSyncer,Types to download: Encryption Keys
2024-09-21T02:47:12.938Z P:11784 T:10352] SyncAuthManager::SetLastAuthError,Current auth error: None
2024-09-21T02:47:12.938Z P:11784 T:10352] SyncAuthManager::EdgeLogTokenErrorState,Token error with: None for account type: MSA
2024-09-21T02:47:12.938Z P:11784 T:10352] SyncServiceImpl::CredentialsChanged,Credentials changed for: EdgeSyncScopeNew
2024-09-21T02:47:13.794Z P:11784 T:10352] SyncServiceImpl::OnEngineInitialized,Initialize engine with: Success
2024-09-21T02:47:13.795Z P:11784 T:10352] ModelLoadManager::Configure,Desired types without errors: Bookmarks, Preferences, Extensions, Extension settings, Device Info, User Consents, Send Tab To Self, Web Apps, Collection, Edge E Drop, Edge Hub App Usage, Edge Wallet, Encryption Keys and types with errors: Passwords, Autofill Profiles, Autofill
2024-09-21T02:47:13.795Z P:11784 T:10352] ModelLoadManager::ModelLoadCallback,Load Bookmarks: success
2024-09-21T02:47:13.795Z P:11784 T:10352] ModelLoadManager::LoadDesiredTypes,Loading type: Bookmarks
2024-09-21T02:47:13.795Z P:11784 T:10352] ModelLoadManager::LoadDesiredTypes,Loading type: Preferences
2024-09-21T02:47:13.795Z P:11784 T:10352] ModelLoadManager::LoadDesiredTypes,Loading type: Extensions
2024-09-21T02:47:13.795Z P:11784 T:10352] ModelLoadManager::LoadDesiredTypes,Loading type: Extension settings
2024-09-21T02:47:13.795Z P:11784 T:10352] ModelLoadManager::LoadDesiredTypes,Loading type: Device Info
2024-09-21T02:47:13.795Z P:11784 T:10352] ModelLoadManager::LoadDesiredTypes,Loading type: User Consents
2024-09-21T02:47:13.795Z P:11784 T:10352] ModelLoadManager::LoadDesiredTypes,Loading type: Send Tab To Self
2024-09-21T02:47:13.795Z P:11784 T:10352] ModelLoadManager::LoadDesiredTypes,Loading type: Web Apps
2024-09-21T02:47:13.795Z P:11784 T:10352] ModelLoadManager::LoadDesiredTypes,Loading type: Collection
2024-09-21T02:47:13.795Z P:11784 T:10352] ModelLoadManager::LoadDesiredTypes,Loading type: Edge E Drop
2024-09-21T02:47:13.795Z P:11784 T:10352] ModelLoadManager::LoadDesiredTypes,Loading type: Edge Hub App Usage
2024-09-21T02:47:13.795Z P:11784 T:10352] ModelLoadManager::LoadDesiredTypes,Loading type: Edge Wallet
2024-09-21T02:47:13.796Z P:11784 T:10352] ModelLoadManager::ModelLoadCallback,Load Preferences: success
2024-09-21T02:47:13.796Z P:11784 T:10352] ModelLoadManager::ModelLoadCallback,Load Extensions: success
2024-09-21T02:47:13.796Z P:11784 T:10352] ModelLoadManager::ModelLoadCallback,Load Device Info: success
2024-09-21T02:47:13.796Z P:11784 T:10352] ModelLoadManager::ModelLoadCallback,Load Extension settings: success
2024-09-21T02:47:13.796Z P:11784 T:10352] ModelLoadManager::ModelLoadCallback,Load User Consents: success
2024-09-21T02:47:13.796Z P:11784 T:10352] ModelLoadManager::ModelLoadCallback,Load Send Tab To Self: success
2024-09-21T02:47:13.796Z P:11784 T:10352] ModelLoadManager::ModelLoadCallback,Load Web Apps: success
2024-09-21T02:47:13.796Z P:11784 T:10352] ModelLoadManager::ModelLoadCallback,Load Collection: success
2024-09-21T02:47:13.796Z P:11784 T:10352] ModelLoadManager::ModelLoadCallback,Load Edge Hub App Usage: success
2024-09-21T02:47:13.796Z P:11784 T:10352] ModelLoadManager::ModelLoadCallback,Load Edge Wallet: success
2024-09-21T02:47:13.796Z P:11784 T:10352] ModelLoadManager::ModelLoadCallback,Load Edge E Drop: success
2024-09-21T02:47:13.796Z P:11784 T:10352] DataTypeManagerImpl::OnAllDataTypesReadyForConfigure,Start to configure data types
2024-09-21T02:47:13.796Z P:11784 T:10352] DataTypeManagerImpl::StartNextConfiguration,Remain to be configured size: 4 and next configuring types are: Encryption Keys
2024-09-21T02:47:13.796Z P:11784 T:10352] DataTypeManagerImpl::PrepareConfigureParams,Prepare to be configured types: 
2024-09-21T02:47:14.212Z P:11784 T:10900] SyncManagerImpl::ConfigureSyncer,Types to download: 
2024-09-21T02:47:14.214Z P:11784 T:10352] DataTypeManagerImpl::ConfigurationCompleted,Need reconfigure with failed types: 
2024-09-21T02:47:14.214Z P:11784 T:10352] ModelLoadManager::Configure,Desired types without errors: Bookmarks, Preferences, Passwords, Autofill Profiles, Autofill, Extensions, Extension settings, Device Info, User Consents, Send Tab To Self, Web Apps, Collection, Edge E Drop, Edge Hub App Usage, Edge Wallet, Encryption Keys and types with errors: 
2024-09-21T02:47:14.214Z P:11784 T:10352] ModelLoadManager::LoadDesiredTypes,Loading type: Passwords
2024-09-21T02:47:14.214Z P:11784 T:10352] ModelLoadManager::LoadDesiredTypes,Loading type: Autofill Profiles
2024-09-21T02:47:14.214Z P:11784 T:10352] ModelLoadManager::LoadDesiredTypes,Loading type: Autofill
2024-09-21T02:47:14.214Z P:11784 T:10352] ModelLoadManager::ModelLoadCallback,Load Passwords: success
2024-09-21T02:47:14.214Z P:11784 T:10352] ModelLoadManager::ModelLoadCallback,Load Autofill Profiles: success
2024-09-21T02:47:14.214Z P:11784 T:10352] ModelLoadManager::ModelLoadCallback,Load Autofill: success
2024-09-21T02:47:14.214Z P:11784 T:10352] DataTypeManagerImpl::OnAllDataTypesReadyForConfigure,Start to configure data types
2024-09-21T02:47:14.214Z P:11784 T:10352] DataTypeManagerImpl::StartNextConfiguration,Remain to be configured size: 4 and next configuring types are: Encryption Keys
2024-09-21T02:47:14.214Z P:11784 T:10352] DataTypeManagerImpl::PrepareConfigureParams,Prepare to be configured types: 
2024-09-21T02:47:14.214Z P:11784 T:11440] SyncManagerImpl::ConfigureSyncer,Types to download: 
2024-09-21T02:47:14.214Z P:11784 T:10352] DataTypeManagerImpl::ConfigurationCompleted,Remain to be configured size: 3
2024-09-21T02:47:14.214Z P:11784 T:10352] DataTypeManagerImpl::StartNextConfiguration,Remain to be configured size: 3 and next configuring types are: Preferences, Passwords, Device Info, Send Tab To Self, Edge E Drop
2024-09-21T02:47:14.214Z P:11784 T:10352] DataTypeManagerImpl::PrepareConfigureParams,Prepare to be configured types: Preferences, Passwords, Device Info, Send Tab To Self, Edge E Drop, Encryption Keys
2024-09-21T02:47:14.215Z P:11784 T:11440] SyncManagerImpl::ConfigureSyncer,Types to download: Preferences, Passwords, Device Info, Send Tab To Self, Edge E Drop, Encryption Keys
2024-09-21T02:47:14.951Z P:11784 T:10352] DataTypeManagerImpl::ConfigurationCompleted,Remain to be configured size: 2
2024-09-21T02:47:14.951Z P:11784 T:10352] DataTypeManagerImpl::StartNextConfiguration,Remain to be configured size: 2 and next configuring types are: Bookmarks
2024-09-21T02:47:14.951Z P:11784 T:10352] DataTypeManagerImpl::PrepareConfigureParams,Prepare to be configured types: 
2024-09-21T02:47:14.951Z P:11784 T:11440] SyncManagerImpl::ConfigureSyncer,Types to download: 
2024-09-21T02:47:14.951Z P:11784 T:10352] DataTypeManagerImpl::ConfigurationCompleted,Remain to be configured size: 1
2024-09-21T02:47:14.952Z P:11784 T:10352] DataTypeManagerImpl::StartNextConfiguration,Remain to be configured size: 1 and next configuring types are: Autofill Profiles, Autofill, Extensions, Extension settings, User Consents, Web Apps, Collection, Edge Hub App Usage, Edge Wallet
2024-09-21T02:47:14.952Z P:11784 T:10352] DataTypeManagerImpl::PrepareConfigureParams,Prepare to be configured types: Autofill Profiles, Autofill, Extensions, Extension settings, Web Apps, Collection, Edge Hub App Usage, Edge Wallet, Encryption Keys
2024-09-21T02:47:14.952Z P:11784 T:11440] SyncManagerImpl::ConfigureSyncer,Types to download: Autofill Profiles, Autofill, Extensions, Extension settings, Web Apps, Collection, Edge Hub App Usage, Edge Wallet, Encryption Keys
2024-09-21T02:47:17.280Z P:11784 T:10352] DataTypeManagerImpl::ConfigurationCompleted,Remain to be configured size: 0
2024-09-21T02:47:17.282Z P:11784 T:10352] SyncServiceImpl::OnConfigureDone,Configure DataTypeManager with: Ok
2024-09-21T02:47:18.031Z P:11784 T:11440] Commit::PostAndProcessResponse,Process Device Info: Success
2024-09-21T02:48:04.880Z P:11784 T:11440] Commit::PostAndProcessResponse,Process Preferences: Success
2024-09-21T02:48:15.324Z P:11784 T:10352] SyncServiceImpl::ResetEngine,Reset engine with reason: 0
