[debug] [2024-09-21T09:55:30.962Z] ----------------------------------------------------------------------
[debug] [2024-09-21T09:55:30.965Z] Command:       C:\Program Files\nodejs\node.exe C:\Users\Acer\AppData\Roaming\npm\node_modules\firebase-tools\lib\bin\firebase.js init hosting
[debug] [2024-09-21T09:55:30.966Z] CLI Version:   13.15.0
[debug] [2024-09-21T09:55:30.966Z] Platform:      win32
[debug] [2024-09-21T09:55:30.966Z] Node Version:  v20.9.0
[debug] [2024-09-21T09:55:30.966Z] Time:          Sat Sep 21 2024 15:25:30 GMT+0530 (India Standard Time)
[debug] [2024-09-21T09:55:30.966Z] ----------------------------------------------------------------------
[debug] 
[debug] [2024-09-21T09:55:31.039Z] Object "" in "firebase.json" has unknown property: {"additionalProperty":"flutter"}
[debug] [2024-09-21T09:55:31.043Z] > command requires scopes: ["email","openid","https://www.googleapis.com/auth/cloudplatformprojects.readonly","https://www.googleapis.com/auth/firebase","https://www.googleapis.com/auth/cloud-platform"]
[debug] [2024-09-21T09:55:31.043Z] > authorizing via signed-in user (bt22cse209@iiitn.ac.in)
[debug] [2024-09-21T09:55:31.044Z] Object "" in "firebase.json" has unknown property: {"additionalProperty":"flutter"}
[info] 
     ######## #### ########  ######## ########     ###     ######  ########
     ##        ##  ##     ## ##       ##     ##  ##   ##  ##       ##
     ######    ##  ########  ######   ########  #########  ######  ######
     ##        ##  ##    ##  ##       ##     ## ##     ##       ## ##
     ##       #### ##     ## ######## ########  ##     ##  ######  ########

You're about to initialize a Firebase project in this directory:

  C:\Users\Acer\Desktop\Tnaisha_Mehta_Portfolio

Before we get started, keep in mind:

  * You are initializing within an existing Firebase project directory

[info] 
=== Project Setup
[info] 
[info] First, let's associate this project directory with a Firebase project.
[info] You can create multiple project aliases by running firebase use --add, 
[info] but for now we'll just set up a default project.
[info] 
[debug] [2024-09-21T09:55:41.018Z] >>> [apiv2][query] GET https://firebase.googleapis.com/v1beta1/projects pageSize=100
[debug] [2024-09-21T09:55:42.603Z] <<< [apiv2][status] GET https://firebase.googleapis.com/v1beta1/projects 200
[debug] [2024-09-21T09:55:42.603Z] <<< [apiv2][body] GET https://firebase.googleapis.com/v1beta1/projects [omitted]
[info] i  Using project portfolio-d4d75 (Portfolio) 
[info] 
=== Hosting Setup
[debug] [2024-09-21T09:55:46.480Z] >>> [apiv2][query] GET https://firebase.googleapis.com/v1beta1/projects/portfolio-d4d75 [none]
[debug] [2024-09-21T09:55:47.017Z] <<< [apiv2][status] GET https://firebase.googleapis.com/v1beta1/projects/portfolio-d4d75 200
[debug] [2024-09-21T09:55:47.017Z] <<< [apiv2][body] GET https://firebase.googleapis.com/v1beta1/projects/portfolio-d4d75 {"projectId":"portfolio-d4d75","projectNumber":"619919144315","displayName":"Portfolio","name":"projects/portfolio-d4d75","resources":{"hostingSite":"portfolio-d4d75"},"state":"ACTIVE","etag":"1_bd8d88b8-3843-4483-8323-4fa208574126"}
[info] 
[info] i  Didn't detect a .git folder. Assuming C:\Users\Acer\Desktop\Tnaisha_Mehta_Portfolio is the project root. 
[info] i  Authorizing with GitHub to upload your service account to a GitHub repository's secrets store. 
[info] 
[info] Visit this URL on this device to log in:
[info] https://github.com/login/oauth/authorize?client_id=89cf50f02ac6aaed3484&state=1052614572&redirect_uri=http%3A%2F%2Flocalhost%3A9005&scope=read%3Auser%20repo%20public_repo
[info] 
[info] Waiting for authentication...
[debug] [2024-09-21T09:56:15.729Z] >>> [apiv2][query] POST https://github.com/login/oauth/access_token [none]
[debug] [2024-09-21T09:56:15.729Z] >>> [apiv2][body] POST https://github.com/login/oauth/access_token [stream]
[debug] [2024-09-21T09:56:16.507Z] <<< [apiv2][status] POST https://github.com/login/oauth/access_token 200
[debug] [2024-09-21T09:56:16.508Z] <<< [apiv2][body] POST https://github.com/login/oauth/access_token {"access_token":"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","token_type":"bearer","scope":"read:user,repo"}
[debug] [2024-09-21T09:56:16.522Z] >>> [apiv2][query] GET https://api.github.com/user [none]
[debug] [2024-09-21T09:56:17.313Z] <<< [apiv2][status] GET https://api.github.com/user 200
[debug] [2024-09-21T09:56:17.313Z] <<< [apiv2][body] GET https://api.github.com/user {"login":"TanishaMehta17","id":121849870,"node_id":"U_kgDOB0NIDg","avatar_url":"https://avatars.githubusercontent.com/u/121849870?v=4","gravatar_id":"","url":"https://api.github.com/users/TanishaMehta17","html_url":"https://github.com/TanishaMehta17","followers_url":"https://api.github.com/users/TanishaMehta17/followers","following_url":"https://api.github.com/users/TanishaMehta17/following{/other_user}","gists_url":"https://api.github.com/users/TanishaMehta17/gists{/gist_id}","starred_url":"https://api.github.com/users/TanishaMehta17/starred{/owner}{/repo}","subscriptions_url":"https://api.github.com/users/TanishaMehta17/subscriptions","organizations_url":"https://api.github.com/users/TanishaMehta17/orgs","repos_url":"https://api.github.com/users/TanishaMehta17/repos","events_url":"https://api.github.com/users/TanishaMehta17/events{/privacy}","received_events_url":"https://api.github.com/users/TanishaMehta17/received_events","type":"User","site_admin":false,"name":null,"company":null,"blog":"","location":null,"email":null,"hireable":null,"bio":null,"twitter_username":null,"notification_email":null,"public_repos":9,"public_gists":0,"followers":2,"following":1,"created_at":"2023-01-03T06:29:59Z","updated_at":"2024-09-19T15:19:31Z","private_gists":0,"total_private_repos":3,"owned_private_repos":3,"disk_usage":61183,"collaborators":1,"two_factor_authentication":false,"plan":{"name":"free","space":976562499,"collaborators":0,"private_repos":10000}}
[info] 
[info] +  Success! Logged into GitHub as TanishaMehta17 
[info] 
